<?xml version="1.0" encoding="UTF-8"?>
<!-- Generated by org.testng.reporters.JUnitReportReporter -->
<testsuite skipped="0" hostname="PCIN468887" name="com.hospital.qa.testcases.SearchHospitalTest" tests="21" failures="0" timestamp="14 Mar 2021 07:27:36 GMT" time="6.647" errors="0">
  <testcase name="testCase" time="0.140" classname="com.hospital.qa.testcases.SearchHospitalTest"/>
  <testcase name="displayHospitals" time="1.549" classname="com.hospital.qa.testcases.SearchHospitalTest"/>
  <testcase name="goToTopCity" time="0.048" classname="com.hospital.qa.testcases.SearchHospitalTest"/>
  <testcase name="clickCorporateWellness" time="0.038" classname="com.hospital.qa.testcases.SearchHospitalTest"/>
  <testcase name="InvalidCorporateWellness" time="0.045" classname="com.hospital.qa.testcases.SearchHospitalTest"/>
  <testcase name="invalidDisplayLoc" time="1.055" classname="com.hospital.qa.testcases.SearchHospitalTest"/>
  <testcase name="invalidHospitalName" time="2.041" classname="com.hospital.qa.testcases.SearchHospitalTest"/>
  <testcase name="nullInvalidForm" time="0.052" classname="com.hospital.qa.testcases.SearchHospitalTest"/>
  <testcase name="InvalidNameInCw" time="0.054" classname="com.hospital.qa.testcases.SearchHospitalTest"/>
  <testcase name="InvalidOrgNameCw" time="0.044" classname="com.hospital.qa.testcases.SearchHospitalTest"/>
  <testcase name="InvalidPhoneNoCw" time="0.430" classname="com.hospital.qa.testcases.SearchHospitalTest"/>
  <testcase name="specCharNameInCw" time="0.073" classname="com.hospital.qa.testcases.SearchHospitalTest"/>
  <testcase name="specOrgNameCw" time="0.053" classname="com.hospital.qa.testcases.SearchHospitalTest"/>
  <testcase name="charPhoneNo" time="0.042" classname="com.hospital.qa.testcases.SearchHospitalTest"/>
  <testcase name="alphaNumericPhoneNo" time="0.048" classname="com.hospital.qa.testcases.SearchHospitalTest"/>
  <testcase name="wrongFormatPhoneNo" time="0.058" classname="com.hospital.qa.testcases.SearchHospitalTest"/>
  <testcase name="testHospitalTextbox" time="0.172" classname="com.hospital.qa.testcases.SearchHospitalTest"/>
  <testcase name="checkTitle" time="0.047" classname="com.hospital.qa.testcases.SearchHospitalTest"/>
  <testcase name="testCheckBox" time="0.552" classname="com.hospital.qa.testcases.SearchHospitalTest"/>
  <testcase name="testDropdownText" time="0.071" classname="com.hospital.qa.testcases.SearchHospitalTest"/>
  <testcase name="hasParkingTest" time="0.035" classname="com.hospital.qa.testcases.SearchHospitalTest"/>
</testsuite> <!-- com.hospital.qa.testcases.SearchHospitalTest -->
